2024-09-02T04:32:16.095Z - Book purchased: 9784762643293 - Quantity: 1
2024-09-02T06:13:57.554Z - Book Added: The Rogue Spy
2024-09-02T06:16:12.273Z - Book Added: Lost Symbol
2024-09-02T06:16:51.135Z - Book Added: Origin
2024-09-02T06:18:14.181Z - Book Added:  The Da Vinci Code
2024-09-02T06:19:00.116Z - Book Added: Angels and Demons
2024-09-02T06:20:43.584Z - Book Added: Atomic Habits
2024-09-02T06:21:47.746Z - Book Added: Never Split the Difference
2024-09-02T06:23:39.038Z - Book Added: Before the Coffee Gets Cold
2024-09-02T06:24:42.569Z - Book Added: To Kill A Mockingbird
2024-09-02T08:01:05.694Z - Staff registered: admin
2024-09-02T08:01:36.178Z - Staff registered: staff1
2024-09-02T08:38:17.079Z - Staff registered: staff2
2024-09-02T08:38:44.293Z - User logged in: staff2
2024-09-02T08:39:51.233Z - User logged in: staff2
2024-09-02T08:40:58.277Z - User logged in: admin
2024-09-02T09:44:15.899Z - User logged in: admin
2024-09-02T09:48:13.969Z - User logged in: admin
2024-09-02T09:56:15.861Z - User logged in: admin
2024-09-02T09:57:49.565Z - Book purchased: 9789227674164 - Quantity: 1
2024-09-02T09:57:49.600Z - Book purchased: 9781446535868 - Quantity: 1
